<?xml version="1.0" encoding="UTF-8"?>
<!-- Generated by org.testng.reporters.JUnitXMLReporter -->
<testsuite ignored="4" hostname="Mandas-MacBook-Air.local" failures="0" tests="1" name="Default test" time="34.52" errors="0" timestamp="2024-07-05T09:49:26 IST">
  <testcase classname="testScripts.TC_02_VerifyDemoFunctionality" name="TC_01_verifyPageTitle" time="5.839"/>
  <testcase classname="testScripts.TC_02_VerifyDemoFunctionality" name="TC_03_verifyPageHeader" time="0.0">
    <ignored/>
  </testcase> <!-- TC_03_verifyPageHeader -->
  <testcase classname="testScripts.TC_02_VerifyDemoFunctionality" name="TC_02_verifySIgnup" time="0.0">
    <ignored/>
  </testcase> <!-- TC_02_verifySIgnup -->
  <testcase classname="testScripts.TC_02_VerifyDemoFunctionality" name="TC_05_VerifyDemoFormFilling" time="0.0">
    <ignored/>
  </testcase> <!-- TC_05_VerifyDemoFormFilling -->
  <testcase classname="testScripts.TC_02_VerifyDemoFunctionality" name="TC_04_verifyDemoButtonClickedandDemoPageOpened" time="0.0">
    <ignored/>
  </testcase> <!-- TC_04_verifyDemoButtonClickedandDemoPageOpened -->
</testsuite> <!-- Default test -->
